<?xml version="1.0" encoding="UTF-8"?>
<!-- Generated by org.testng.reporters.JUnitXMLReporter -->
<testsuite ignored="0" hostname="DESKTOP-VCI8GB7" failures="1" tests="13" name="Test" time="32.34" errors="0" timestamp="2022-08-17T15:00:21 IST">
  <testcase classname="com.reqres.requests.UpdatePatch" name="update" time="3.812"/>
  <testcase classname="com.reqres.requests.SingleResource" name="singleresource" time="0.176"/>
  <testcase classname="com.reqres.requests.Create" name="create" time="6.203"/>
  <testcase classname="com.reqres.requests.UpdatePut" name="updatePut" time="3.168"/>
  <testcase classname="com.reqres.requests.RegisterSuccessful" name="registersuccessful" time="2.16">
    <failure type="java.lang.AssertionError" message="expected [true] but found [false]">
      <![CDATA[java.lang.AssertionError: expected [true] but found [false]
at com.reqres.requests.RegisterSuccessful.registersuccessful(RegisterSuccessful.java:32)
at java.base/java.util.ArrayList.forEach(ArrayList.java:1511)
... Removed 31 stack frames]]>
    </failure>
  </testcase> <!-- registersuccessful -->
  <testcase classname="com.reqres.requests.LogngSuccessfull" name="loginsuccessfull" time="1.931"/>
  <testcase classname="com.reqres.requests.DelayedResponse" name="delayedresponse" time="8.995"/>
  <testcase classname="com.reqres.requests.ListUser" name="ListUsersOnPageTwo" time="2.491"/>
  <testcase classname="com.reqres.requests.RegisterUnsuccessful" name="registerunsuccessful" time="1.352"/>
  <testcase classname="com.reqres.requests.LoginUnsuccessfull" name="loginunsuccessfull" time="0.589"/>
  <testcase classname="com.reqres.requests.ListResources" name="listresources" time="0.183"/>
  <testcase classname="com.reqres.requests.Delete" name="delete" time="0.52"/>
  <testcase classname="com.reqres.requests.SingleResourceNotFound" name="singleusernotfound" time="0.5"/>
</testsuite> <!-- Test -->
