<?xml version="1.0" encoding="UTF-8"?>
<!-- Generated by org.testng.reporters.JUnitXMLReporter -->
<testsuite ignored="0" hostname="DESKTOP-VCI8GB7" failures="0" tests="13" name="Test" time="18.417" errors="0" timestamp="2022-05-12T12:37:55 IST">
  <testcase classname="com.reqres.requests.Create" name="create" time="3.705"/>
  <testcase classname="com.reqres.requests.SingleResource" name="singleresource" time="0.338"/>
  <testcase classname="com.reqres.requests.UpdatePut" name="updatePut" time="0.627"/>
  <testcase classname="com.reqres.requests.UpdatePatch" name="update" time="0.612"/>
  <testcase classname="com.reqres.requests.Delete" name="delete" time="0.513"/>
  <testcase classname="com.reqres.requests.ListUser" name="ListUsersOnPageTwo" time="0.232"/>
  <testcase classname="com.reqres.requests.ListResources" name="listresources" time="0.276"/>
  <testcase classname="com.reqres.requests.DelayedResponse" name="delayedresponse" time="8.587"/>
  <testcase classname="com.reqres.requests.SingleResourceNotFound" name="singleusernotfound" time="0.659"/>
  <testcase classname="com.reqres.requests.RegisterSuccessful" name="registersuccessful" time="0.701"/>
  <testcase classname="com.reqres.requests.RegisterUnsuccessful" name="registerunsuccessful" time="0.602"/>
  <testcase classname="com.reqres.requests.LogngSuccessfull" name="loginsuccessfull" time="0.801"/>
  <testcase classname="com.reqres.requests.LoginUnsuccessfull" name="loginunsuccessfull" time="0.537"/>
</testsuite> <!-- Test -->
