<?xml version="1.0" encoding="UTF-8"?>
<!-- Generated by org.testng.reporters.JUnitXMLReporter -->
<testsuite ignored="0" hostname="DESKTOP-VCI8GB7" failures="0" tests="13" name="Regression" time="23.482" errors="0" timestamp="2022-05-29T12:36:34 IST">
  <testcase classname="com.reqres.requests.Create" name="create" time="8.659"/>
  <testcase classname="com.reqres.requests.SingleResource" name="singleresource" time="0.28"/>
  <testcase classname="com.reqres.requests.UpdatePut" name="updatePut" time="0.704"/>
  <testcase classname="com.reqres.requests.UpdatePatch" name="update" time="0.599"/>
  <testcase classname="com.reqres.requests.Delete" name="delete" time="0.543"/>
  <testcase classname="com.reqres.requests.ListUser" name="ListUsersOnPageTwo" time="0.234"/>
  <testcase classname="com.reqres.requests.ListResources" name="listresources" time="0.24"/>
  <testcase classname="com.reqres.requests.DelayedResponse" name="delayedresponse" time="8.607"/>
  <testcase classname="com.reqres.requests.SingleResourceNotFound" name="singleusernotfound" time="0.879"/>
  <testcase classname="com.reqres.requests.RegisterSuccessful" name="registersuccessful" time="0.569"/>
  <testcase classname="com.reqres.requests.RegisterUnsuccessful" name="registerunsuccessful" time="0.656"/>
  <testcase classname="com.reqres.requests.LogngSuccessfull" name="loginsuccessfull" time="0.727"/>
  <testcase classname="com.reqres.requests.LoginUnsuccessfull" name="loginunsuccessfull" time="0.531"/>
</testsuite> <!-- Regression -->
