<?xml version="1.0" encoding="UTF-8"?>
<!-- Generated by org.testng.reporters.JUnitXMLReporter -->
<testsuite ignored="0" hostname="DESKTOP-VCI8GB7" failures="0" tests="13" name="Sanity" time="19.788" errors="0" timestamp="2022-05-29T12:36:54 IST">
  <testcase classname="com.reqres.requests.Create" name="create" time="5.545"/>
  <testcase classname="com.reqres.requests.SingleResource" name="singleresource" time="0.249"/>
  <testcase classname="com.reqres.requests.UpdatePut" name="updatePut" time="0.626"/>
  <testcase classname="com.reqres.requests.UpdatePatch" name="update" time="0.67"/>
  <testcase classname="com.reqres.requests.Delete" name="delete" time="0.586"/>
  <testcase classname="com.reqres.requests.ListUser" name="ListUsersOnPageTwo" time="0.266"/>
  <testcase classname="com.reqres.requests.ListResources" name="listresources" time="0.242"/>
  <testcase classname="com.reqres.requests.DelayedResponse" name="delayedresponse" time="8.57"/>
  <testcase classname="com.reqres.requests.SingleResourceNotFound" name="singleusernotfound" time="0.334"/>
  <testcase classname="com.reqres.requests.RegisterSuccessful" name="registersuccessful" time="0.536"/>
  <testcase classname="com.reqres.requests.RegisterUnsuccessful" name="registerunsuccessful" time="0.615"/>
  <testcase classname="com.reqres.requests.LogngSuccessfull" name="loginsuccessfull" time="0.902"/>
  <testcase classname="com.reqres.requests.LoginUnsuccessfull" name="loginunsuccessfull" time="0.627"/>
</testsuite> <!-- Sanity -->
