<?xml version="1.0" encoding="UTF-8"?>
<!-- Generated by org.testng.reporters.JUnitXMLReporter -->
<testsuite ignored="0" hostname="DESKTOP-VCI8GB7" failures="0" tests="13" name="Test" time="23.078" errors="0" timestamp="2022-05-29T12:34:36 IST">
  <testcase classname="com.reqres.requests.Create" name="create" time="8.363"/>
  <testcase classname="com.reqres.requests.SingleResource" name="singleresource" time="0.248"/>
  <testcase classname="com.reqres.requests.UpdatePut" name="updatePut" time="0.694"/>
  <testcase classname="com.reqres.requests.UpdatePatch" name="update" time="0.638"/>
  <testcase classname="com.reqres.requests.Delete" name="delete" time="0.562"/>
  <testcase classname="com.reqres.requests.ListUser" name="ListUsersOnPageTwo" time="0.286"/>
  <testcase classname="com.reqres.requests.ListResources" name="listresources" time="0.27"/>
  <testcase classname="com.reqres.requests.DelayedResponse" name="delayedresponse" time="8.537"/>
  <testcase classname="com.reqres.requests.SingleResourceNotFound" name="singleusernotfound" time="0.277"/>
  <testcase classname="com.reqres.requests.RegisterSuccessful" name="registersuccessful" time="0.828"/>
  <testcase classname="com.reqres.requests.RegisterUnsuccessful" name="registerunsuccessful" time="0.965"/>
  <testcase classname="com.reqres.requests.LogngSuccessfull" name="loginsuccessfull" time="0.631"/>
  <testcase classname="com.reqres.requests.LoginUnsuccessfull" name="loginunsuccessfull" time="0.554"/>
</testsuite> <!-- Test -->
