<?xml version="1.0" encoding="UTF-8"?>
<!-- Generated by org.testng.reporters.JUnitXMLReporter -->
<testsuite ignored="0" hostname="DESKTOP-VCI8GB7" failures="0" tests="13" name="Regression" time="23.387" errors="0" timestamp="2022-05-29T13:04:09 IST">
  <testcase classname="com.reqres.requests.Create" name="create" time="8.404"/>
  <testcase classname="com.reqres.requests.SingleResource" name="singleresource" time="0.338"/>
  <testcase classname="com.reqres.requests.UpdatePut" name="updatePut" time="0.654"/>
  <testcase classname="com.reqres.requests.UpdatePatch" name="update" time="0.598"/>
  <testcase classname="com.reqres.requests.Delete" name="delete" time="0.787"/>
  <testcase classname="com.reqres.requests.ListUser" name="ListUsersOnPageTwo" time="0.273"/>
  <testcase classname="com.reqres.requests.ListResources" name="listresources" time="0.246"/>
  <testcase classname="com.reqres.requests.DelayedResponse" name="delayedresponse" time="8.612"/>
  <testcase classname="com.reqres.requests.SingleResourceNotFound" name="singleusernotfound" time="0.763"/>
  <testcase classname="com.reqres.requests.RegisterSuccessful" name="registersuccessful" time="0.621"/>
  <testcase classname="com.reqres.requests.RegisterUnsuccessful" name="registerunsuccessful" time="0.531"/>
  <testcase classname="com.reqres.requests.LogngSuccessfull" name="loginsuccessfull" time="0.747"/>
  <testcase classname="com.reqres.requests.LoginUnsuccessfull" name="loginunsuccessfull" time="0.638"/>
</testsuite> <!-- Regression -->
