<?xml version="1.0" encoding="UTF-8"?>
<!-- Generated by org.testng.reporters.JUnitXMLReporter -->
<testsuite ignored="0" hostname="DESKTOP-VCI8GB7" failures="0" tests="13" name="Regression" time="24.69" errors="0" timestamp="2022-05-29T13:00:27 IST">
  <testcase classname="com.reqres.requests.Create" name="create" time="9.083"/>
  <testcase classname="com.reqres.requests.SingleResource" name="singleresource" time="0.345"/>
  <testcase classname="com.reqres.requests.UpdatePut" name="updatePut" time="0.882"/>
  <testcase classname="com.reqres.requests.UpdatePatch" name="update" time="0.612"/>
  <testcase classname="com.reqres.requests.Delete" name="delete" time="0.949"/>
  <testcase classname="com.reqres.requests.ListUser" name="ListUsersOnPageTwo" time="0.281"/>
  <testcase classname="com.reqres.requests.ListResources" name="listresources" time="0.251"/>
  <testcase classname="com.reqres.requests.DelayedResponse" name="delayedresponse" time="8.84"/>
  <testcase classname="com.reqres.requests.SingleResourceNotFound" name="singleusernotfound" time="0.757"/>
  <testcase classname="com.reqres.requests.RegisterSuccessful" name="registersuccessful" time="0.638"/>
  <testcase classname="com.reqres.requests.RegisterUnsuccessful" name="registerunsuccessful" time="0.615"/>
  <testcase classname="com.reqres.requests.LogngSuccessfull" name="loginsuccessfull" time="0.661"/>
  <testcase classname="com.reqres.requests.LoginUnsuccessfull" name="loginunsuccessfull" time="0.566"/>
</testsuite> <!-- Regression -->
