<?xml version="1.0" encoding="UTF-8"?>
<testng-results ignored="0" total="1" passed="1" failed="0" skipped="0">
  <reporter-output>
  </reporter-output>
  <suite started-at="2022-07-13T13:59:13 IST" name="Default suite" finished-at="2022-07-13T13:59:14 IST" duration-ms="1268">
    <groups>
    </groups>
    <test started-at="2022-07-13T13:59:13 IST" name="Default test" finished-at="2022-07-13T13:59:14 IST" duration-ms="1268">
      <class name="practice.ReadingFromExcel">
        <test-method signature="ReadingFromMain()[pri:0, instance:practice.ReadingFromExcel@2ed2d9cb]" started-at="2022-07-13T13:59:13 IST" name="ReadingFromMain" finished-at="2022-07-13T13:59:14 IST" duration-ms="1167" status="PASS">
          <reporter-output>
          </reporter-output>
        </test-method> <!-- ReadingFromMain -->
      </class> <!-- practice.ReadingFromExcel -->
    </test> <!-- Default test -->
  </suite> <!-- Default suite -->
</testng-results>
